\BOOKMARK [0][-]{section*.1}{Acknowledgements}{}
\BOOKMARK [0][-]{section*.1}{Table of Contents}{}
\BOOKMARK [0][-]{chapter*.2}{List of Tables}{}
\BOOKMARK [0][-]{chapter*.3}{List of Figures}{}
\BOOKMARK [0][-]{chapter*.4}{Abstract}{}
\BOOKMARK [0][-]{chapter.1}{ Introduction \040}{}
\BOOKMARK [1][-]{section.1.1}{Section in a chapter \040}{chapter.1}
\BOOKMARK [2][-]{subsection.1.1.1}{Sub-section One}{section.1.1}
\BOOKMARK [2][-]{subsection.1.1.2}{Sub-section Two}{section.1.1}
\BOOKMARK [2][-]{subsection.1.1.3}{Sub-section Three}{section.1.1}
\BOOKMARK [1][-]{section.1.2}{Contribution}{chapter.1}
\BOOKMARK [0][-]{chapter.2}{ Literature Review }{}
\BOOKMARK [0][-]{chapter.3}{ Methodology }{}
\BOOKMARK [1][-]{section.3.1}{Using Equations}{chapter.3}
\BOOKMARK [1][-]{section.3.2}{Using Mathematical Expressions}{chapter.3}
\BOOKMARK [1][-]{section.3.3}{Using Sub-figures}{chapter.3}
\BOOKMARK [0][-]{chapter.4}{ Results }{}
\BOOKMARK [0][-]{Appendix.a.A}{Appendix \040Abbreviations}{}
\BOOKMARK [0][-]{Appendix.b.B}{Appendix \040Other}{}
\BOOKMARK [0][-]{chapter*.5}{References}{}
\BOOKMARK [0][-]{chapter*.6}{Vita}{}
